<?xml version="1.0" encoding="UTF-8"?>
<testsuite xmlns:xsi="http://www.w3.org/2001/XMLSchema-instance" xsi:noNamespaceSchemaLocation="https://maven.apache.org/surefire/maven-surefire-plugin/xsd/surefire-test-report-3.0.xsd" version="3.0" name="com.trimix.challenge.ChallengeApplicationTests" time="4.966" tests="1" errors="0" skipped="0" failures="0">
  <properties>
[...]
</properties>
  <testcase name="contextLoads" classname="com.trimix.challenge.ChallengeApplicationTests" time="0.37">
    <system-out><![CDATA[12:50:20.274 [main] INFO org.springframework.test.context.support.AnnotationConfigContextLoaderUtils -- Could not detect default configuration classes for test class [com.trimix.challenge.ChallengeApplicationTests]: ChallengeApplicationTests does not declare any static, non-private, non-final, nested classes annotated with @Configuration.
12:50:20.463 [main] INFO org.springframework.boot.test.context.SpringBootTestContextBootstrapper -- Found @SpringBootConfiguration com.trimix.challenge.ChallengeApplication for test class com.trimix.challenge.ChallengeApplicationTests

  .   ____          _            __ _ _
 /\\ / ___'_ __ _ _(_)_ __  __ _ \ \ \ \
( ( )\___ | '_ | '_| | '_ \/ _` | \ \ \ \
 \\/  ___)| |_)| | | | | || (_| |  ) ) ) )
  '  |____| .__|_| |_|_| |_\__, | / / / /
 =========|_|==============|___/=/_/_/_/
 :: Spring Boot ::                (v3.1.1)

2023-07-08T12:50:20.981-03:00  INFO 10016 --- [           main] c.t.challenge.ChallengeApplicationTests  : Starting ChallengeApplicationTests using Java 17.0.7 with PID 10016 (started by Mauro in C:\proyectos\challenges\trimix\backend)
2023-07-08T12:50:20.982-03:00  INFO 10016 --- [           main] c.t.challenge.ChallengeApplicationTests  : The following 1 profile is active: "local"
2023-07-08T12:50:21.712-03:00  INFO 10016 --- [           main] .s.d.r.c.RepositoryConfigurationDelegate : Multiple Spring Data modules found, entering strict repository configuration mode
2023-07-08T12:50:21.714-03:00  INFO 10016 --- [           main] .s.d.r.c.RepositoryConfigurationDelegate : Bootstrapping Spring Data JDBC repositories in DEFAULT mode.
2023-07-08T12:50:21.759-03:00  INFO 10016 --- [           main] .RepositoryConfigurationExtensionSupport : Spring Data JDBC - Could not safely identify store assignment for repository candidate interface com.trimix.challenge.personas.repository.PersonaRepository; If you want this repository to be a JDBC repository, consider annotating your entities with one of these annotations: org.springframework.data.relational.core.mapping.Table.
2023-07-08T12:50:21.762-03:00  INFO 10016 --- [           main] .s.d.r.c.RepositoryConfigurationDelegate : Finished Spring Data repository scanning in 39 ms. Found 0 JDBC repository interfaces.
2023-07-08T12:50:21.783-03:00  INFO 10016 --- [           main] .s.d.r.c.RepositoryConfigurationDelegate : Multiple Spring Data modules found, entering strict repository configuration mode
2023-07-08T12:50:21.784-03:00  INFO 10016 --- [           main] .s.d.r.c.RepositoryConfigurationDelegate : Bootstrapping Spring Data JPA repositories in DEFAULT mode.
2023-07-08T12:50:21.810-03:00  INFO 10016 --- [           main] .s.d.r.c.RepositoryConfigurationDelegate : Finished Spring Data repository scanning in 23 ms. Found 1 JPA repository interfaces.
2023-07-08T12:50:22.163-03:00  INFO 10016 --- [           main] o.f.c.internal.license.VersionPrinter    : Flyway Community Edition 9.16.3 by Redgate
2023-07-08T12:50:22.163-03:00  INFO 10016 --- [           main] o.f.c.internal.license.VersionPrinter    : See release notes here: https://rd.gt/416ObMi
2023-07-08T12:50:22.163-03:00  INFO 10016 --- [           main] o.f.c.internal.license.VersionPrinter    : 
2023-07-08T12:50:22.581-03:00  INFO 10016 --- [           main] o.f.c.i.database.base.BaseDatabaseType   : Database: jdbc:mysql://localhost:33060/challenge (MySQL 8.0)
2023-07-08T12:50:22.921-03:00  INFO 10016 --- [           main] o.f.core.internal.command.DbValidate     : Successfully validated 1 migration (execution time 00:00.127s)
2023-07-08T12:50:22.946-03:00  INFO 10016 --- [           main] o.f.core.internal.command.DbMigrate      : Current version of schema `challenge`: 1.0.0
2023-07-08T12:50:22.948-03:00  INFO 10016 --- [           main] o.f.core.internal.command.DbMigrate      : Schema `challenge` is up to date. No migration necessary.
2023-07-08T12:50:23.000-03:00  INFO 10016 --- [           main] o.hibernate.jpa.internal.util.LogHelper  : HHH000204: Processing PersistenceUnitInfo [name: default]
2023-07-08T12:50:23.042-03:00  INFO 10016 --- [           main] org.hibernate.Version                    : HHH000412: Hibernate ORM core version 6.2.5.Final
2023-07-08T12:50:23.044-03:00  INFO 10016 --- [           main] org.hibernate.cfg.Environment            : HHH000406: Using bytecode reflection optimizer
2023-07-08T12:50:23.145-03:00  INFO 10016 --- [           main] o.h.b.i.BytecodeProviderInitiator        : HHH000021: Bytecode provider name : bytebuddy
2023-07-08T12:50:23.254-03:00  INFO 10016 --- [           main] o.s.o.j.p.SpringPersistenceUnitInfo      : No LoadTimeWeaver setup: ignoring JPA class transformer
2023-07-08T12:50:23.269-03:00  INFO 10016 --- [           main] com.zaxxer.hikari.HikariDataSource       : HikariPool-1 - Starting...
2023-07-08T12:50:23.301-03:00  INFO 10016 --- [           main] com.zaxxer.hikari.pool.HikariPool        : HikariPool-1 - Added connection com.mysql.cj.jdbc.ConnectionImpl@25109608
2023-07-08T12:50:23.304-03:00  INFO 10016 --- [           main] com.zaxxer.hikari.HikariDataSource       : HikariPool-1 - Start completed.
2023-07-08T12:50:23.514-03:00  INFO 10016 --- [           main] o.h.b.i.BytecodeProviderInitiator        : HHH000021: Bytecode provider name : bytebuddy
2023-07-08T12:50:23.982-03:00  INFO 10016 --- [           main] o.h.e.t.j.p.i.JtaPlatformInitiator       : HHH000490: Using JtaPlatform implementation: [org.hibernate.engine.transaction.jta.platform.internal.NoJtaPlatform]
2023-07-08T12:50:23.984-03:00  INFO 10016 --- [           main] j.LocalContainerEntityManagerFactoryBean : Initialized JPA EntityManagerFactory for persistence unit 'default'
2023-07-08T12:50:24.286-03:00  WARN 10016 --- [           main] JpaBaseConfiguration$JpaWebConfiguration : spring.jpa.open-in-view is enabled by default. Therefore, database queries may be performed during view rendering. Explicitly configure spring.jpa.open-in-view to disable this warning
2023-07-08T12:50:24.595-03:00  INFO 10016 --- [           main] c.t.challenge.ChallengeApplicationTests  : Started ChallengeApplicationTests in 3.91 seconds (process running for 5.253)
]]></system-out>
  </testcase>
</testsuite>